<?xml version="1.0" encoding="UTF-8"?>
<!-- Generated by org.testng.reporters.JUnitReportReporter -->
<testsuite skipped="0" hostname="Akshay" name="com.framework.WeatherCompareTest.WeatherTest" tests="3" failures="0" timestamp="2020-07-03T00:28:54 IST" time="11.530" errors="0">
  <testcase name="searchCityNameTest" time="11.396" classname="com.framework.WeatherCompareTest.WeatherTest"/>
  <testcase name="dataFromAPI" time="0.132" classname="com.framework.WeatherCompareTest.WeatherTest"/>
  <testcase name="attributeComparator" time="0.002" classname="com.framework.WeatherCompareTest.WeatherTest"/>
</testsuite> <!-- com.framework.WeatherCompareTest.WeatherTest -->
