<?xml version="1.0" encoding="UTF-8"?>
<!-- Generated by org.testng.reporters.JUnitReportReporter -->
<testsuite skipped="0" hostname="Akshay" name="com.framework.WeatherCompareTest.WeatherTest" tests="3" failures="0" timestamp="2020-06-30T17:39:37 IST" time="10.654" errors="0">
  <testcase name="searchCityTemperatureTest" time="10.495" classname="com.framework.WeatherCompareTest.WeatherTest"/>
  <testcase name="dataFromAPI" time="0.146" classname="com.framework.WeatherCompareTest.WeatherTest"/>
  <testcase name="tempComparator" time="0.013" classname="com.framework.WeatherCompareTest.WeatherTest"/>
</testsuite> <!-- com.framework.WeatherCompareTest.WeatherTest -->
