<?xml version="1.0" encoding="UTF-8"?>
<!-- Generated by org.testng.reporters.JUnitReportReporter -->
<testsuite skipped="0" hostname="Akshay" name="com.framework.WeatherCompareTest.WeatherTest" tests="1" failures="0" timestamp="2020-06-30T01:21:49 IST" time="11.690" errors="0">
  <testcase name="searchCityTemperatureTest" time="11.690" classname="com.framework.WeatherCompareTest.WeatherTest"/>
</testsuite> <!-- com.framework.WeatherCompareTest.WeatherTest -->
