<?xml version="1.0" encoding="UTF-8"?>
<!-- Generated by org.testng.reporters.JUnitReportReporter -->
<testsuite skipped="0" hostname="Akshay" name="com.framework.WeatherCompareTest.WeatherTest" tests="2" failures="0" timestamp="2020-06-30T05:30:49 IST" time="11.021" errors="0">
  <testcase name="searchCityTemperatureTest" time="10.840" classname="com.framework.WeatherCompareTest.WeatherTest"/>
  <testcase name="dataFromAPI" time="0.181" classname="com.framework.WeatherCompareTest.WeatherTest"/>
</testsuite> <!-- com.framework.WeatherCompareTest.WeatherTest -->
