<?xml version="1.0" encoding="UTF-8"?>
<!-- Generated by org.testng.reporters.JUnitReportReporter -->
<testsuite skipped="0" hostname="Akshay" name="com.framework.FlightSearchTest.HomepageTest" tests="1" failures="0" timestamp="2020-06-29T22:19:37 IST" time="7.084" errors="0">
  <testcase name="searchFlightFunctionalityTest" time="7.084" classname="com.framework.FlightSearchTest.HomepageTest"/>
</testsuite> <!-- com.framework.FlightSearchTest.HomepageTest -->
