<?xml version="1.0" encoding="UTF-8"?>
<!-- Generated by org.testng.reporters.JUnitReportReporter -->
<testsuite skipped="0" hostname="Akshay" name="com.framework.FlightSearchTest.WeatherTest" tests="1" failures="0" timestamp="2020-06-30T01:01:38 IST" time="11.365" errors="0">
  <testcase name="searchCityTemperatureTest" time="11.365" classname="com.framework.FlightSearchTest.WeatherTest"/>
</testsuite> <!-- com.framework.FlightSearchTest.WeatherTest -->
